<?xml version="1.0" encoding="UTF-8"?>
<!-- Generated by org.testng.reporters.JUnitReportReporter -->
<testsuite skipped="0" hostname="IN01LAP00082" name="mavenPackage.MyMavenProject.tests.LoginPageSuite" tests="2" failures="0" timestamp="02 Feb 2018 03:24:18 GMT" time="21.253" errors="0">
  <testcase name="verifyLoginWithValidCredentials" time="9.427" classname="mavenPackage.MyMavenProject.tests.LoginPageSuite"/>
  <testcase name="verifyLoginWithInvalidCredentials" time="11.826" classname="mavenPackage.MyMavenProject.tests.LoginPageSuite"/>
</testsuite> <!-- mavenPackage.MyMavenProject.tests.LoginPageSuite -->
