<?xml version="1.0" encoding="UTF-8"?>
<!-- Generated by org.testng.reporters.JUnitReportReporter -->
<testsuite skipped="0" hostname="IN01LAP00082" name="mavenPackage.MyMavenProject.tests.LoginPageSuite" tests="2" failures="0" timestamp="01 Feb 2018 02:58:41 GMT" time="11.753" errors="0">
  <testcase name="verifyLoginWithInvalidCredentials" time="5.075" classname="mavenPackage.MyMavenProject.tests.LoginPageSuite"/>
  <testcase name="verifyLoginWithValidCredentials" time="6.678" classname="mavenPackage.MyMavenProject.tests.LoginPageSuite"/>
</testsuite> <!-- mavenPackage.MyMavenProject.tests.LoginPageSuite -->
